11/10/2023 14:22:47-SyntaxError: Unexpected token o in JSON at position 1
    at JSON.parse (<anonymous>)
    at parse (C:\Users\meyer\OneDrive\Documentos\1Facultad\PROYECTO_UK\node_modules\body-parser\lib\types\json.js:89:19)
    at C:\Users\meyer\OneDrive\Documentos\1Facultad\PROYECTO_UK\node_modules\body-parser\lib\read.js:128:18
    at AsyncResource.runInAsyncScope (node:async_hooks:203:9)
    at invokeCallback (C:\Users\meyer\OneDrive\Documentos\1Facultad\PROYECTO_UK\node_modules\raw-body\index.js:231:16)
    at done (C:\Users\meyer\OneDrive\Documentos\1Facultad\PROYECTO_UK\node_modules\raw-body\index.js:220:7)
    at IncomingMessage.onEnd (C:\Users\meyer\OneDrive\Documentos\1Facultad\PROYECTO_UK\node_modules\raw-body\index.js:280:7)
    at IncomingMessage.emit (node:events:514:28)
    at endReadableNT (node:internal/streams/readable:1359:12)
    at process.processTicksAndRejections (node:internal/process/task_queues:82:21)
11/10/2023 14:24:01-SyntaxError: Unexpected token o in JSON at position 1
    at JSON.parse (<anonymous>)
    at parse (C:\Users\meyer\OneDrive\Documentos\1Facultad\PROYECTO_UK\node_modules\body-parser\lib\types\json.js:89:19)
    at C:\Users\meyer\OneDrive\Documentos\1Facultad\PROYECTO_UK\node_modules\body-parser\lib\read.js:128:18
    at AsyncResource.runInAsyncScope (node:async_hooks:203:9)
    at invokeCallback (C:\Users\meyer\OneDrive\Documentos\1Facultad\PROYECTO_UK\node_modules\raw-body\index.js:231:16)
    at done (C:\Users\meyer\OneDrive\Documentos\1Facultad\PROYECTO_UK\node_modules\raw-body\index.js:220:7)
    at IncomingMessage.onEnd (C:\Users\meyer\OneDrive\Documentos\1Facultad\PROYECTO_UK\node_modules\raw-body\index.js:280:7)
    at IncomingMessage.emit (node:events:514:28)
    at endReadableNT (node:internal/streams/readable:1359:12)
    at process.processTicksAndRejections (node:internal/process/task_queues:82:21)
11/10/2023 14:24:02-SyntaxError: Unexpected token o in JSON at position 1
    at JSON.parse (<anonymous>)
    at parse (C:\Users\meyer\OneDrive\Documentos\1Facultad\PROYECTO_UK\node_modules\body-parser\lib\types\json.js:89:19)
    at C:\Users\meyer\OneDrive\Documentos\1Facultad\PROYECTO_UK\node_modules\body-parser\lib\read.js:128:18
    at AsyncResource.runInAsyncScope (node:async_hooks:203:9)
    at invokeCallback (C:\Users\meyer\OneDrive\Documentos\1Facultad\PROYECTO_UK\node_modules\raw-body\index.js:231:16)
    at done (C:\Users\meyer\OneDrive\Documentos\1Facultad\PROYECTO_UK\node_modules\raw-body\index.js:220:7)
    at IncomingMessage.onEnd (C:\Users\meyer\OneDrive\Documentos\1Facultad\PROYECTO_UK\node_modules\raw-body\index.js:280:7)
    at IncomingMessage.emit (node:events:514:28)
    at endReadableNT (node:internal/streams/readable:1359:12)
    at process.processTicksAndRejections (node:internal/process/task_queues:82:21)
11/10/2023 15:10:45-SyntaxError: Unexpected token o in JSON at position 1
    at JSON.parse (<anonymous>)
    at parse (C:\Users\meyer\OneDrive\Documentos\1Facultad\PROYECTO_UK\node_modules\body-parser\lib\types\json.js:89:19)
    at C:\Users\meyer\OneDrive\Documentos\1Facultad\PROYECTO_UK\node_modules\body-parser\lib\read.js:128:18
    at AsyncResource.runInAsyncScope (node:async_hooks:203:9)
    at invokeCallback (C:\Users\meyer\OneDrive\Documentos\1Facultad\PROYECTO_UK\node_modules\raw-body\index.js:231:16)
    at done (C:\Users\meyer\OneDrive\Documentos\1Facultad\PROYECTO_UK\node_modules\raw-body\index.js:220:7)
    at IncomingMessage.onEnd (C:\Users\meyer\OneDrive\Documentos\1Facultad\PROYECTO_UK\node_modules\raw-body\index.js:280:7)
    at IncomingMessage.emit (node:events:514:28)
    at endReadableNT (node:internal/streams/readable:1359:12)
    at process.processTicksAndRejections (node:internal/process/task_queues:82:21)
11/10/2023 15:11:27-SyntaxError: Unexpected token o in JSON at position 1
    at JSON.parse (<anonymous>)
    at parse (C:\Users\meyer\OneDrive\Documentos\1Facultad\PROYECTO_UK\node_modules\body-parser\lib\types\json.js:89:19)
    at C:\Users\meyer\OneDrive\Documentos\1Facultad\PROYECTO_UK\node_modules\body-parser\lib\read.js:128:18
    at AsyncResource.runInAsyncScope (node:async_hooks:203:9)
    at invokeCallback (C:\Users\meyer\OneDrive\Documentos\1Facultad\PROYECTO_UK\node_modules\raw-body\index.js:231:16)
    at done (C:\Users\meyer\OneDrive\Documentos\1Facultad\PROYECTO_UK\node_modules\raw-body\index.js:220:7)
    at IncomingMessage.onEnd (C:\Users\meyer\OneDrive\Documentos\1Facultad\PROYECTO_UK\node_modules\raw-body\index.js:280:7)
    at IncomingMessage.emit (node:events:514:28)
    at endReadableNT (node:internal/streams/readable:1359:12)
    at process.processTicksAndRejections (node:internal/process/task_queues:82:21)
11/10/2023 15:11:46-SyntaxError: Unexpected token o in JSON at position 1
    at JSON.parse (<anonymous>)
    at parse (C:\Users\meyer\OneDrive\Documentos\1Facultad\PROYECTO_UK\node_modules\body-parser\lib\types\json.js:89:19)
    at C:\Users\meyer\OneDrive\Documentos\1Facultad\PROYECTO_UK\node_modules\body-parser\lib\read.js:128:18
    at AsyncResource.runInAsyncScope (node:async_hooks:203:9)
    at invokeCallback (C:\Users\meyer\OneDrive\Documentos\1Facultad\PROYECTO_UK\node_modules\raw-body\index.js:231:16)
    at done (C:\Users\meyer\OneDrive\Documentos\1Facultad\PROYECTO_UK\node_modules\raw-body\index.js:220:7)
    at IncomingMessage.onEnd (C:\Users\meyer\OneDrive\Documentos\1Facultad\PROYECTO_UK\node_modules\raw-body\index.js:280:7)
    at IncomingMessage.emit (node:events:514:28)
    at endReadableNT (node:internal/streams/readable:1359:12)
    at process.processTicksAndRejections (node:internal/process/task_queues:82:21)
11/10/2023 15:18:46-SyntaxError: Unexpected token o in JSON at position 1
    at JSON.parse (<anonymous>)
    at parse (C:\Users\meyer\OneDrive\Documentos\1Facultad\PROYECTO_UK\node_modules\body-parser\lib\types\json.js:89:19)
    at C:\Users\meyer\OneDrive\Documentos\1Facultad\PROYECTO_UK\node_modules\body-parser\lib\read.js:128:18
    at AsyncResource.runInAsyncScope (node:async_hooks:203:9)
    at invokeCallback (C:\Users\meyer\OneDrive\Documentos\1Facultad\PROYECTO_UK\node_modules\raw-body\index.js:231:16)
    at done (C:\Users\meyer\OneDrive\Documentos\1Facultad\PROYECTO_UK\node_modules\raw-body\index.js:220:7)
    at IncomingMessage.onEnd (C:\Users\meyer\OneDrive\Documentos\1Facultad\PROYECTO_UK\node_modules\raw-body\index.js:280:7)
    at IncomingMessage.emit (node:events:514:28)
    at endReadableNT (node:internal/streams/readable:1359:12)
    at process.processTicksAndRejections (node:internal/process/task_queues:82:21)
11/10/2023 15:20:17-SyntaxError: Unexpected token o in JSON at position 1
    at JSON.parse (<anonymous>)
    at parse (C:\Users\meyer\OneDrive\Documentos\1Facultad\PROYECTO_UK\node_modules\body-parser\lib\types\json.js:89:19)
    at C:\Users\meyer\OneDrive\Documentos\1Facultad\PROYECTO_UK\node_modules\body-parser\lib\read.js:128:18
    at AsyncResource.runInAsyncScope (node:async_hooks:203:9)
    at invokeCallback (C:\Users\meyer\OneDrive\Documentos\1Facultad\PROYECTO_UK\node_modules\raw-body\index.js:231:16)
    at done (C:\Users\meyer\OneDrive\Documentos\1Facultad\PROYECTO_UK\node_modules\raw-body\index.js:220:7)
    at IncomingMessage.onEnd (C:\Users\meyer\OneDrive\Documentos\1Facultad\PROYECTO_UK\node_modules\raw-body\index.js:280:7)
    at IncomingMessage.emit (node:events:514:28)
    at endReadableNT (node:internal/streams/readable:1359:12)
    at process.processTicksAndRejections (node:internal/process/task_queues:82:21)
11/10/2023 15:21:11-SyntaxError: Unexpected token o in JSON at position 1
    at JSON.parse (<anonymous>)
    at parse (C:\Users\meyer\OneDrive\Documentos\1Facultad\PROYECTO_UK\node_modules\body-parser\lib\types\json.js:89:19)
    at C:\Users\meyer\OneDrive\Documentos\1Facultad\PROYECTO_UK\node_modules\body-parser\lib\read.js:128:18
    at AsyncResource.runInAsyncScope (node:async_hooks:203:9)
    at invokeCallback (C:\Users\meyer\OneDrive\Documentos\1Facultad\PROYECTO_UK\node_modules\raw-body\index.js:231:16)
    at done (C:\Users\meyer\OneDrive\Documentos\1Facultad\PROYECTO_UK\node_modules\raw-body\index.js:220:7)
    at IncomingMessage.onEnd (C:\Users\meyer\OneDrive\Documentos\1Facultad\PROYECTO_UK\node_modules\raw-body\index.js:280:7)
    at IncomingMessage.emit (node:events:514:28)
    at endReadableNT (node:internal/streams/readable:1359:12)
    at process.processTicksAndRejections (node:internal/process/task_queues:82:21)
11/10/2023 15:22:03-SyntaxError: Unexpected token o in JSON at position 1
    at JSON.parse (<anonymous>)
    at parse (C:\Users\meyer\OneDrive\Documentos\1Facultad\PROYECTO_UK\node_modules\body-parser\lib\types\json.js:89:19)
    at C:\Users\meyer\OneDrive\Documentos\1Facultad\PROYECTO_UK\node_modules\body-parser\lib\read.js:128:18
    at AsyncResource.runInAsyncScope (node:async_hooks:203:9)
    at invokeCallback (C:\Users\meyer\OneDrive\Documentos\1Facultad\PROYECTO_UK\node_modules\raw-body\index.js:231:16)
    at done (C:\Users\meyer\OneDrive\Documentos\1Facultad\PROYECTO_UK\node_modules\raw-body\index.js:220:7)
    at IncomingMessage.onEnd (C:\Users\meyer\OneDrive\Documentos\1Facultad\PROYECTO_UK\node_modules\raw-body\index.js:280:7)
    at IncomingMessage.emit (node:events:514:28)
    at endReadableNT (node:internal/streams/readable:1359:12)
    at process.processTicksAndRejections (node:internal/process/task_queues:82:21)
11/10/2023 15:23:13-SyntaxError: Unexpected token o in JSON at position 1
    at JSON.parse (<anonymous>)
    at parse (C:\Users\meyer\OneDrive\Documentos\1Facultad\PROYECTO_UK\node_modules\body-parser\lib\types\json.js:89:19)
    at C:\Users\meyer\OneDrive\Documentos\1Facultad\PROYECTO_UK\node_modules\body-parser\lib\read.js:128:18
    at AsyncResource.runInAsyncScope (node:async_hooks:203:9)
    at invokeCallback (C:\Users\meyer\OneDrive\Documentos\1Facultad\PROYECTO_UK\node_modules\raw-body\index.js:231:16)
    at done (C:\Users\meyer\OneDrive\Documentos\1Facultad\PROYECTO_UK\node_modules\raw-body\index.js:220:7)
    at IncomingMessage.onEnd (C:\Users\meyer\OneDrive\Documentos\1Facultad\PROYECTO_UK\node_modules\raw-body\index.js:280:7)
    at IncomingMessage.emit (node:events:514:28)
    at endReadableNT (node:internal/streams/readable:1359:12)
    at process.processTicksAndRejections (node:internal/process/task_queues:82:21)
11/10/2023 15:25:22-SyntaxError: Unexpected token o in JSON at position 1
    at JSON.parse (<anonymous>)
    at parse (C:\Users\meyer\OneDrive\Documentos\1Facultad\PROYECTO_UK\node_modules\body-parser\lib\types\json.js:89:19)
    at C:\Users\meyer\OneDrive\Documentos\1Facultad\PROYECTO_UK\node_modules\body-parser\lib\read.js:128:18
    at AsyncResource.runInAsyncScope (node:async_hooks:203:9)
    at invokeCallback (C:\Users\meyer\OneDrive\Documentos\1Facultad\PROYECTO_UK\node_modules\raw-body\index.js:231:16)
    at done (C:\Users\meyer\OneDrive\Documentos\1Facultad\PROYECTO_UK\node_modules\raw-body\index.js:220:7)
    at IncomingMessage.onEnd (C:\Users\meyer\OneDrive\Documentos\1Facultad\PROYECTO_UK\node_modules\raw-body\index.js:280:7)
    at IncomingMessage.emit (node:events:514:28)
    at endReadableNT (node:internal/streams/readable:1359:12)
    at process.processTicksAndRejections (node:internal/process/task_queues:82:21)
11/10/2023 15:28:13-SyntaxError: Unexpected token o in JSON at position 1
    at JSON.parse (<anonymous>)
    at parse (C:\Users\meyer\OneDrive\Documentos\1Facultad\PROYECTO_UK\node_modules\body-parser\lib\types\json.js:89:19)
    at C:\Users\meyer\OneDrive\Documentos\1Facultad\PROYECTO_UK\node_modules\body-parser\lib\read.js:128:18
    at AsyncResource.runInAsyncScope (node:async_hooks:203:9)
    at invokeCallback (C:\Users\meyer\OneDrive\Documentos\1Facultad\PROYECTO_UK\node_modules\raw-body\index.js:231:16)
    at done (C:\Users\meyer\OneDrive\Documentos\1Facultad\PROYECTO_UK\node_modules\raw-body\index.js:220:7)
    at IncomingMessage.onEnd (C:\Users\meyer\OneDrive\Documentos\1Facultad\PROYECTO_UK\node_modules\raw-body\index.js:280:7)
    at IncomingMessage.emit (node:events:514:28)
    at endReadableNT (node:internal/streams/readable:1359:12)
    at process.processTicksAndRejections (node:internal/process/task_queues:82:21)
